Using pre-set license
Built from '2020.3/staging' branch; Version is '2020.3.3f1 (76626098c1c4) revision 7758432'; Using compiler version '192528614'; Build Type 'Release'
OS: 'Windows 10 Home; OS build 19042.928; Version 2009; 64bit' Language: 'ko' Physical Memory: 8074 MB
BatchMode: 1, IsHumanControllingUs: 0, StartBugReporterOnCrash: 0, Is64bit: 1, IsPro: 0

 COMMAND LINE ARGUMENTS:
C:\Unity\2020.3.3f1\Editor\Unity.exe
-adb2
-batchMode
-noUpm
-name
AssetImportWorker0
-projectPath
C:/Users/xldgh/Desktop/CardMemoryGame
-logFile
Logs/AssetImportWorker0.log
-srvPort
55045
Successfully changed project path to: C:/Users/xldgh/Desktop/CardMemoryGame
C:/Users/xldgh/Desktop/CardMemoryGame
Using Asset Import Pipeline V2.
Refreshing native plugins compatible for Editor in 33.17 ms, found 0 plugins.
Preloading 0 native plugins for Editor in 0.00 ms.
Initialize engine version: 2020.3.3f1 (76626098c1c4)
[Subsystems] Discovering subsystems at path C:/Unity/2020.3.3f1/Editor/Data/Resources/UnitySubsystems
[Subsystems] Discovering subsystems at path C:/Users/xldgh/Desktop/CardMemoryGame/Assets
GfxDevice: creating device client; threaded=0
Direct3D:
    Version:  Direct3D 11.0 [level 11.1]
    Renderer: Intel(R) UHD Graphics 620 (ID=0x5917)
    Vendor:   
    VRAM:     4037 MB
    Driver:   26.20.100.7372
Initialize mono
Mono path[0] = 'C:/Unity/2020.3.3f1/Editor/Data/Managed'
Mono path[1] = 'C:/Unity/2020.3.3f1/Editor/Data/MonoBleedingEdge/lib/mono/unityjit'
Mono config path = 'C:/Unity/2020.3.3f1/Editor/Data/MonoBleedingEdge/etc'
Using monoOptions --debugger-agent=transport=dt_socket,embedding=1,server=y,suspend=n,address=127.0.0.1:56112
Begin MonoManager ReloadAssembly
Registering precompiled unity dll's ...
Register platform support module: C:/Unity/2020.3.3f1/Editor/Data/PlaybackEngines/WindowsStandaloneSupport/UnityEditor.WindowsStandalone.Extensions.dll
Registered in 0.002092 seconds.
Native extension for WindowsStandalone target not found
Refreshing native plugins compatible for Editor in 91.61 ms, found 0 plugins.
Preloading 0 native plugins for Editor in 0.00 ms.
Invoked RoslynAnalysisRunner static constructor.
RoslynAnalysisRunner will not be running.
RoslynAnalysisRunner has terminated.
Mono: successfully reloaded assembly
- Completed reload, in  1.383 seconds
Platform modules already initialized, skipping
Registering precompiled user dll's ...
Registered in 0.000931 seconds.
Begin MonoManager ReloadAssembly
Native extension for WindowsStandalone target not found
Refreshing native plugins compatible for Editor in 0.29 ms, found 0 plugins.
Preloading 0 native plugins for Editor in 0.00 ms.
Invoked RoslynAnalysisRunner static constructor.
RoslynAnalysisRunner will not be running.
RoslynAnalysisRunner has terminated.
Mono: successfully reloaded assembly
- Completed reload, in  1.152 seconds
Platform modules already initialized, skipping
========================================================================
Worker process is ready to serve import requests
Launched and connected shader compiler UnityShaderCompiler.exe after 0.05 seconds
Refreshing native plugins compatible for Editor in 0.29 ms, found 0 plugins.
Preloading 0 native plugins for Editor in 0.00 ms.
Unloading 1118 Unused Serialized files (Serialized files now loaded: 0)
System memory in use before: 58.6 MB.
System memory in use after: 58.7 MB.

Unloading 10 unused Assets to reduce memory usage. Loaded Objects now: 1562.
Total: 1.997900 ms (FindLiveObjects: 0.145300 ms CreateObjectMapping: 0.038800 ms MarkObjects: 1.728700 ms  DeleteObjects: 0.084100 ms)

========================================================================
Received Import Request.
  path: Assets/Script/GameController.cs
  artifactKey: Guid(fe8d4c4726517d94fb5257478190c74e) Importer(815301076,1909f56bfc062723c751e8b465ee728b)
Start importing Assets/Script/GameController.cs using Guid(fe8d4c4726517d94fb5257478190c74e) Importer(815301076,1909f56bfc062723c751e8b465ee728b)  -> (artifact id: '3fd3c94a34ab12b76ad2dc2fb37201e6') in 0.059858 seconds
  Import took 0.062785 seconds .

========================================================================
Received Prepare
Registering precompiled user dll's ...
Registered in 0.002871 seconds.
Begin MonoManager ReloadAssembly
Native extension for WindowsStandalone target not found
Refreshing native plugins compatible for Editor in 0.30 ms, found 0 plugins.
Preloading 0 native plugins for Editor in 0.00 ms.
Invoked RoslynAnalysisRunner static constructor.
RoslynAnalysisRunner will not be running.
RoslynAnalysisRunner has terminated.
Mono: successfully reloaded assembly
- Completed reload, in  1.056 seconds
Platform modules already initialized, skipping
Refreshing native plugins compatible for Editor in 0.28 ms, found 0 plugins.
Preloading 0 native plugins for Editor in 0.00 ms.
Unloading 1112 Unused Serialized files (Serialized files now loaded: 0)
System memory in use before: 58.4 MB.
System memory in use after: 58.5 MB.

Unloading 5 unused Assets to reduce memory usage. Loaded Objects now: 1565.
Total: 1.929000 ms (FindLiveObjects: 0.163100 ms CreateObjectMapping: 0.041100 ms MarkObjects: 1.656800 ms  DeleteObjects: 0.066900 ms)

========================================================================
Received Import Request.
  Time since last request: 22.056455 seconds.
  path: Assets/Script/GameController.cs
  artifactKey: Guid(fe8d4c4726517d94fb5257478190c74e) Importer(815301076,1909f56bfc062723c751e8b465ee728b)
Start importing Assets/Script/GameController.cs using Guid(fe8d4c4726517d94fb5257478190c74e) Importer(815301076,1909f56bfc062723c751e8b465ee728b)  -> (artifact id: '298cf3ec2c94b243b9ba1cabee92a7df') in 0.007197 seconds
  Import took 0.013436 seconds .

========================================================================
Received Prepare
Registering precompiled user dll's ...
Registered in 0.001157 seconds.
Begin MonoManager ReloadAssembly
Native extension for WindowsStandalone target not found
Refreshing native plugins compatible for Editor in 0.28 ms, found 0 plugins.
Preloading 0 native plugins for Editor in 0.00 ms.
Invoked RoslynAnalysisRunner static constructor.
RoslynAnalysisRunner will not be running.
RoslynAnalysisRunner has terminated.
Mono: successfully reloaded assembly
- Completed reload, in  0.892 seconds
Platform modules already initialized, skipping
Refreshing native plugins compatible for Editor in 0.30 ms, found 0 plugins.
Preloading 0 native plugins for Editor in 0.00 ms.
Unloading 1112 Unused Serialized files (Serialized files now loaded: 0)
System memory in use before: 58.5 MB.
System memory in use after: 58.5 MB.

Unloading 5 unused Assets to reduce memory usage. Loaded Objects now: 1568.
Total: 1.873200 ms (FindLiveObjects: 0.137700 ms CreateObjectMapping: 0.037700 ms MarkObjects: 1.638700 ms  DeleteObjects: 0.058000 ms)

========================================================================
Received Import Request.
  Time since last request: 14.500215 seconds.
  path: Assets/Script/GameController.cs
  artifactKey: Guid(fe8d4c4726517d94fb5257478190c74e) Importer(815301076,1909f56bfc062723c751e8b465ee728b)
Start importing Assets/Script/GameController.cs using Guid(fe8d4c4726517d94fb5257478190c74e) Importer(815301076,1909f56bfc062723c751e8b465ee728b)  -> (artifact id: 'c07e3efebc4d2eebf3c06c205c128f11') in 0.005050 seconds
  Import took 0.007373 seconds .

========================================================================
Received Import Request.
  Time since last request: 35.638126 seconds.
  path: Assets/Script/AddCardButton.cs
  artifactKey: Guid(928de93ea56b3014695d064ca77edfe6) Importer(815301076,1909f56bfc062723c751e8b465ee728b)
Start importing Assets/Script/AddCardButton.cs using Guid(928de93ea56b3014695d064ca77edfe6) Importer(815301076,1909f56bfc062723c751e8b465ee728b)  -> (artifact id: '61ef6589215da9f67af273cc0dd746cf') in 0.008765 seconds
  Import took 0.011123 seconds .

========================================================================
Received Prepare
Registering precompiled user dll's ...
Registered in 0.001753 seconds.
Begin MonoManager ReloadAssembly
Native extension for WindowsStandalone target not found
Refreshing native plugins compatible for Editor in 0.28 ms, found 0 plugins.
Preloading 0 native plugins for Editor in 0.00 ms.
Invoked RoslynAnalysisRunner static constructor.
RoslynAnalysisRunner will not be running.
RoslynAnalysisRunner has terminated.
Mono: successfully reloaded assembly
- Completed reload, in  0.941 seconds
Platform modules already initialized, skipping
Refreshing native plugins compatible for Editor in 0.32 ms, found 0 plugins.
Preloading 0 native plugins for Editor in 0.00 ms.
Unloading 1112 Unused Serialized files (Serialized files now loaded: 0)
System memory in use before: 58.5 MB.
System memory in use after: 58.6 MB.

Unloading 5 unused Assets to reduce memory usage. Loaded Objects now: 1571.
Total: 1.817300 ms (FindLiveObjects: 0.150400 ms CreateObjectMapping: 0.046200 ms MarkObjects: 1.554300 ms  DeleteObjects: 0.065300 ms)

AssetImportWorkerClient::OnTransportError - code=2 error=End of file
